# JRE version: OpenJDK Runtime Environment (7.0_95) (build 1.7.0_95-b00)
# Java VM: OpenJDK Server VM (24.95-b01 mixed mode linux-x86 )
Heap
 PSYoungGen      total 52480K, used 7163K [0x9dd80000, 0xa1880000, 0xb3300000)
  eden space 45312K, 0% used [0x9dd80000,0x9dd80000,0xa09c0000)
  from space 7168K, 99% used [0xa09c0000,0xa10bef80,0xa10c0000)
  to   space 6400K, 0% used [0xa10c0000,0xa10c0000,0xa1700000)
 ParOldGen       total 30208K, used 14812K [0x73300000, 0x75080000, 0x9dd80000)
  object space 30208K, 49% used [0x73300000,0x741773b8,0x75080000)
 PSPermGen       total 16384K, used 4232K [0x6b300000, 0x6c300000, 0x73300000)
  object space 16384K, 25% used [0x6b300000,0x6b722338,0x6c300000)
GC Heap History (10 events):
Event: 3.701 GC heap after
Heap after GC invocations=2 (full 0):
 PSYoungGen      total 13312K, used 1781K [0x9dd80000, 0x9f780000, 0xb3300000)
  eden space 11520K, 0% used [0x9dd80000,0x9dd80000,0x9e8c0000)
  from space 1792K, 99% used [0x9ea80000,0x9ec3d4f8,0x9ec40000)
  to   space 1792K, 0% used [0x9e8c0000,0x9e8c0000,0x9ea80000)
 ParOldGen       total 30208K, used 1657K [0x73300000, 0x75080000, 0x9dd80000)
  object space 30208K, 5% used [0x73300000,0x7349e778,0x75080000)
 PSPermGen       total 16384K, used 4056K [0x6b300000, 0x6c300000, 0x73300000)
  object space 16384K, 24% used [0x6b300000,0x6b6f60b0,0x6c300000)
}
Event: 5.048 GC heap before
{Heap before GC invocations=3 (full 0):
 PSYoungGen      total 13312K, used 13301K [0x9dd80000, 0x9f780000, 0xb3300000)
  eden space 11520K, 100% used [0x9dd80000,0x9e8c0000,0x9e8c0000)
  from space 1792K, 99% used [0x9ea80000,0x9ec3d4f8,0x9ec40000)
  to   space 1792K, 0% used [0x9e8c0000,0x9e8c0000,0x9ea80000)
 ParOldGen       total 30208K, used 1657K [0x73300000, 0x75080000, 0x9dd80000)
  object space 30208K, 5% used [0x73300000,0x7349e778,0x75080000)
 PSPermGen       total 16384K, used 4152K [0x6b300000, 0x6c300000, 0x73300000)
  object space 16384K, 25% used [0x6b300000,0x6b70e2c0,0x6c300000)
Event: 5.111 GC heap after
Heap after GC invocations=3 (full 0):
 PSYoungGen      total 13312K, used 1787K [0x9dd80000, 0x9f780000, 0xb3300000)
  eden space 11520K, 0% used [0x9dd80000,0x9dd80000,0x9e8c0000)
  from space 1792K, 99% used [0x9e8c0000,0x9ea7ec20,0x9ea80000)
  to   space 1792K, 0% used [0x9f5c0000,0x9f5c0000,0x9f780000)
 ParOldGen       total 30208K, used 3436K [0x73300000, 0x75080000, 0x9dd80000)
  object space 30208K, 11% used [0x73300000,0x7365b140,0x75080000)
 PSPermGen       total 16384K, used 4152K [0x6b300000, 0x6c300000, 0x73300000)
  object space 16384K, 25% used [0x6b300000,0x6b70e2c0,0x6c300000)
}
Event: 7.675 GC heap before
{Heap before GC invocations=4 (full 0):
 PSYoungGen      total 13312K, used 13307K [0x9dd80000, 0x9f780000, 0xb3300000)
  eden space 11520K, 100% used [0x9dd80000,0x9e8c0000,0x9e8c0000)
  from space 1792K, 99% used [0x9e8c0000,0x9ea7ec20,0x9ea80000)
  to   space 1792K, 0% used [0x9f5c0000,0x9f5c0000,0x9f780000)
 ParOldGen       total 30208K, used 3436K [0x73300000, 0x75080000, 0x9dd80000)
  object space 30208K, 11% used [0x73300000,0x7365b140,0x75080000)
 PSPermGen       total 16384K, used 4167K [0x6b300000, 0x6c300000, 0x73300000)
  object space 16384K, 25% used [0x6b300000,0x6b711f30,0x6c300000)
Event: 7.796 GC heap after
Heap after GC invocations=4 (full 0):
 PSYoungGen      total 24832K, used 1787K [0x9dd80000, 0x9f780000, 0xb3300000)
  eden space 23040K, 0% used [0x9dd80000,0x9dd80000,0x9f400000)
  from space 1792K, 99% used [0x9f5c0000,0x9f77ec20,0x9f780000)
  to   space 1792K, 0% used [0x9f400000,0x9f400000,0x9f5c0000)
 ParOldGen       total 30208K, used 5140K [0x73300000, 0x75080000, 0x9dd80000)
  object space 30208K, 17% used [0x73300000,0x73805210,0x75080000)
 PSPermGen       total 16384K, used 4167K [0x6b300000, 0x6c300000, 0x73300000)
  object space 16384K, 25% used [0x6b300000,0x6b711f30,0x6c300000)
}
Event: 9.889 GC heap before
{Heap before GC invocations=5 (full 0):
 PSYoungGen      total 24832K, used 24827K [0x9dd80000, 0x9f780000, 0xb3300000)
  eden space 23040K, 100% used [0x9dd80000,0x9f400000,0x9f400000)
  from space 1792K, 99% used [0x9f5c0000,0x9f77ec20,0x9f780000)
  to   space 1792K, 0% used [0x9f400000,0x9f400000,0x9f5c0000)
 ParOldGen       total 30208K, used 5140K [0x73300000, 0x75080000, 0x9dd80000)
  object space 30208K, 17% used [0x73300000,0x73805210,0x75080000)
 PSPermGen       total 16384K, used 4200K [0x6b300000, 0x6c300000, 0x73300000)
  object space 16384K, 25% used [0x6b300000,0x6b71a118,0x6c300000)
Event: 9.989 GC heap after
Heap after GC invocations=5 (full 0):
 PSYoungGen      total 24832K, used 1779K [0x9dd80000, 0xa1700000, 0xb3300000)
  eden space 23040K, 0% used [0x9dd80000,0x9dd80000,0x9f400000)
  from space 1792K, 99% used [0x9f400000,0x9f5bccd8,0x9f5c0000)
  to   space 6400K, 0% used [0xa10c0000,0xa10c0000,0xa1700000)
 ParOldGen       total 30208K, used 9450K [0x73300000, 0x75080000, 0x9dd80000)
  object space 30208K, 31% used [0x73300000,0x73c3a9b8,0x75080000)
 PSPermGen       total 16384K, used 4200K [0x6b300000, 0x6c300000, 0x73300000)
  object space 16384K, 25% used [0x6b300000,0x6b71a118,0x6c300000)
}
Event: 12.450 GC heap before
{Heap before GC invocations=6 (full 0):
 PSYoungGen      total 24832K, used 24819K [0x9dd80000, 0xa1700000, 0xb3300000)
  eden space 23040K, 100% used [0x9dd80000,0x9f400000,0x9f400000)
  from space 1792K, 99% used [0x9f400000,0x9f5bccd8,0x9f5c0000)
  to   space 6400K, 0% used [0xa10c0000,0xa10c0000,0xa1700000)
 ParOldGen       total 30208K, used 9450K [0x73300000, 0x75080000, 0x9dd80000)
  object space 30208K, 31% used [0x73300000,0x73c3a9b8,0x75080000)
 PSPermGen       total 16384K, used 4214K [0x6b300000, 0x6c300000, 0x73300000)
  object space 16384K, 25% used [0x6b300000,0x6b71db80,0x6c300000)
Event: 12.567 GC heap after
Heap after GC invocations=6 (full 0):
 PSYoungGen      total 51712K, used 5678K [0x9dd80000, 0xa1880000, 0xb3300000)
  eden space 45312K, 0% used [0x9dd80000,0x9dd80000,0xa09c0000)
  from space 6400K, 88% used [0xa10c0000,0xa164ba40,0xa1700000)
  to   space 7168K, 0% used [0xa09c0000,0xa09c0000,0xa10c0000)
 ParOldGen       total 30208K, used 9450K [0x73300000, 0x75080000, 0x9dd80000)
  object space 30208K, 31% used [0x73300000,0x73c3a9b8,0x75080000)
 PSPermGen       total 16384K, used 4214K [0x6b300000, 0x6c300000, 0x73300000)
  object space 16384K, 25% used [0x6b300000,0x6b71db80,0x6c300000)
}
Event: 18.548 GC heap before
{Heap before GC invocations=7 (full 0):
 PSYoungGen      total 51712K, used 50990K [0x9dd80000, 0xa1880000, 0xb3300000)
  eden space 45312K, 100% used [0x9dd80000,0xa09c0000,0xa09c0000)
  from space 6400K, 88% used [0xa10c0000,0xa164ba40,0xa1700000)
  to   space 7168K, 0% used [0xa09c0000,0xa09c0000,0xa10c0000)
 ParOldGen       total 30208K, used 9450K [0x73300000, 0x75080000, 0x9dd80000)
  object space 30208K, 31% used [0x73300000,0x73c3a9b8,0x75080000)
 PSPermGen       total 16384K, used 4232K [0x6b300000, 0x6c300000, 0x73300000)
  object space 16384K, 25% used [0x6b300000,0x6b722338,0x6c300000)

