# JRE version: OpenJDK Runtime Environment (7.0_95) (build 1.7.0_95-b00)
# Java VM: OpenJDK Server VM (24.95-b01 mixed mode linux-x86 )
Heap
 PSYoungGen      total 101376K, used 15606K [0x9dcc0000, 0xa52c0000, 0xb3240000)
  eden space 85760K, 0% used [0x9dcc0000,0x9dcc0000,0xa3080000)
  from space 15616K, 99% used [0xa3080000,0xa3fbdbd8,0xa3fc0000)
  to   space 11776K, 0% used [0xa3fc0000,0xa3fc0000,0xa4b40000)
 ParOldGen       total 30208K, used 26516K [0x73240000, 0x74fc0000, 0x9dcc0000)
  object space 30208K, 87% used [0x73240000,0x74c25358,0x74fc0000)
 PSPermGen       total 16384K, used 4275K [0x6b240000, 0x6c240000, 0x73240000)
  object space 16384K, 26% used [0x6b240000,0x6b66ce40,0x6c240000)
GC Heap History (10 events):
Event: 5.442 GC heap after
Heap after GC invocations=4 (full 0):
 PSYoungGen      total 24832K, used 1782K [0x9dcc0000, 0x9f6c0000, 0xb3240000)
  eden space 23040K, 0% used [0x9dcc0000,0x9dcc0000,0x9f340000)
  from space 1792K, 99% used [0x9f500000,0x9f6bd900,0x9f6c0000)
  to   space 1792K, 0% used [0x9f340000,0x9f340000,0x9f500000)
 ParOldGen       total 30208K, used 5499K [0x73240000, 0x74fc0000, 0x9dcc0000)
  object space 30208K, 18% used [0x73240000,0x7379ed38,0x74fc0000)
 PSPermGen       total 16384K, used 4163K [0x6b240000, 0x6c240000, 0x73240000)
  object space 16384K, 25% used [0x6b240000,0x6b650ee8,0x6c240000)
}
Event: 8.161 GC heap before
{Heap before GC invocations=5 (full 0):
 PSYoungGen      total 24832K, used 24822K [0x9dcc0000, 0x9f6c0000, 0xb3240000)
  eden space 23040K, 100% used [0x9dcc0000,0x9f340000,0x9f340000)
  from space 1792K, 99% used [0x9f500000,0x9f6bd900,0x9f6c0000)
  to   space 1792K, 0% used [0x9f340000,0x9f340000,0x9f500000)
 ParOldGen       total 30208K, used 5499K [0x73240000, 0x74fc0000, 0x9dcc0000)
  object space 30208K, 18% used [0x73240000,0x7379ed38,0x74fc0000)
 PSPermGen       total 16384K, used 4203K [0x6b240000, 0x6c240000, 0x73240000)
  object space 16384K, 25% used [0x6b240000,0x6b65ac90,0x6c240000)
Event: 8.204 GC heap after
Heap after GC invocations=5 (full 0):
 PSYoungGen      total 24832K, used 1782K [0x9dcc0000, 0xa1740000, 0xb3240000)
  eden space 23040K, 0% used [0x9dcc0000,0x9dcc0000,0x9f340000)
  from space 1792K, 99% used [0x9f340000,0x9f4fdb70,0x9f500000)
  to   space 6912K, 0% used [0xa1080000,0xa1080000,0xa1740000)
 ParOldGen       total 30208K, used 9261K [0x73240000, 0x74fc0000, 0x9dcc0000)
  object space 30208K, 30% used [0x73240000,0x73b4b5d8,0x74fc0000)
 PSPermGen       total 16384K, used 4203K [0x6b240000, 0x6c240000, 0x73240000)
  object space 16384K, 25% used [0x6b240000,0x6b65ac90,0x6c240000)
}
Event: 10.091 GC heap before
{Heap before GC invocations=6 (full 0):
 PSYoungGen      total 24832K, used 24822K [0x9dcc0000, 0xa1740000, 0xb3240000)
  eden space 23040K, 100% used [0x9dcc0000,0x9f340000,0x9f340000)
  from space 1792K, 99% used [0x9f340000,0x9f4fdb70,0x9f500000)
  to   space 6912K, 0% used [0xa1080000,0xa1080000,0xa1740000)
 ParOldGen       total 30208K, used 9261K [0x73240000, 0x74fc0000, 0x9dcc0000)
  object space 30208K, 30% used [0x73240000,0x73b4b5d8,0x74fc0000)
 PSPermGen       total 16384K, used 4214K [0x6b240000, 0x6c240000, 0x73240000)
  object space 16384K, 25% used [0x6b240000,0x6b65db10,0x6c240000)
Event: 10.172 GC heap after
Heap after GC invocations=6 (full 0):
 PSYoungGen      total 51712K, used 6679K [0x9dcc0000, 0xa19c0000, 0xb3240000)
  eden space 44800K, 0% used [0x9dcc0000,0x9dcc0000,0xa0880000)
  from space 6912K, 96% used [0xa1080000,0xa1705ff0,0xa1740000)
  to   space 8192K, 0% used [0xa0880000,0xa0880000,0xa1080000)
 ParOldGen       total 30208K, used 9261K [0x73240000, 0x74fc0000, 0x9dcc0000)
  object space 30208K, 30% used [0x73240000,0x73b4b5d8,0x74fc0000)
 PSPermGen       total 16384K, used 4214K [0x6b240000, 0x6c240000, 0x73240000)
  object space 16384K, 25% used [0x6b240000,0x6b65db10,0x6c240000)
}
Event: 13.979 GC heap before
{Heap before GC invocations=7 (full 0):
 PSYoungGen      total 51712K, used 51479K [0x9dcc0000, 0xa19c0000, 0xb3240000)
  eden space 44800K, 100% used [0x9dcc0000,0xa0880000,0xa0880000)
  from space 6912K, 96% used [0xa1080000,0xa1705ff0,0xa1740000)
  to   space 8192K, 0% used [0xa0880000,0xa0880000,0xa1080000)
 ParOldGen       total 30208K, used 9261K [0x73240000, 0x74fc0000, 0x9dcc0000)
  object space 30208K, 30% used [0x73240000,0x73b4b5d8,0x74fc0000)
 PSPermGen       total 16384K, used 4232K [0x6b240000, 0x6c240000, 0x73240000)
  object space 16384K, 25% used [0x6b240000,0x6b662150,0x6c240000)
Event: 14.273 GC heap after
Heap after GC invocations=7 (full 0):
 PSYoungGen      total 52992K, used 8186K [0x9dcc0000, 0xa4b40000, 0xb3240000)
  eden space 44800K, 0% used [0x9dcc0000,0x9dcc0000,0xa0880000)
  from space 8192K, 99% used [0xa0880000,0xa107e920,0xa1080000)
  to   space 11776K, 0% used [0xa3fc0000,0xa3fc0000,0xa4b40000)
 ParOldGen       total 30208K, used 13278K [0x73240000, 0x74fc0000, 0x9dcc0000)
  object space 30208K, 43% used [0x73240000,0x73f37bc8,0x74fc0000)
 PSPermGen       total 16384K, used 4232K [0x6b240000, 0x6c240000, 0x73240000)
  object space 16384K, 25% used [0x6b240000,0x6b662150,0x6c240000)
}
Event: 19.868 GC heap before
{Heap before GC invocations=8 (full 0):
 PSYoungGen      total 52992K, used 52986K [0x9dcc0000, 0xa4b40000, 0xb3240000)
  eden space 44800K, 100% used [0x9dcc0000,0xa0880000,0xa0880000)
  from space 8192K, 99% used [0xa0880000,0xa107e920,0xa1080000)
  to   space 11776K, 0% used [0xa3fc0000,0xa3fc0000,0xa4b40000)
 ParOldGen       total 30208K, used 13278K [0x73240000, 0x74fc0000, 0x9dcc0000)
  object space 30208K, 43% used [0x73240000,0x73f37bc8,0x74fc0000)
 PSPermGen       total 16384K, used 4253K [0x6b240000, 0x6c240000, 0x73240000)
  object space 16384K, 25% used [0x6b240000,0x6b667618,0x6c240000)
Event: 19.928 GC heap after
Heap after GC invocations=8 (full 0):
 PSYoungGen      total 97536K, used 11760K [0x9dcc0000, 0xa52c0000, 0xb3240000)
  eden space 85760K, 0% used [0x9dcc0000,0x9dcc0000,0xa3080000)
  from space 11776K, 99% used [0xa3fc0000,0xa4b3c288,0xa4b40000)
  to   space 15616K, 0% used [0xa3080000,0xa3080000,0xa3fc0000)
 ParOldGen       total 30208K, used 17168K [0x73240000, 0x74fc0000, 0x9dcc0000)
  object space 30208K, 56% used [0x73240000,0x743042b8,0x74fc0000)
 PSPermGen       total 16384K, used 4253K [0x6b240000, 0x6c240000, 0x73240000)
  object space 16384K, 25% used [0x6b240000,0x6b667618,0x6c240000)
}
Event: 24.009 GC heap before
{Heap before GC invocations=9 (full 0):
 PSYoungGen      total 97536K, used 97520K [0x9dcc0000, 0xa52c0000, 0xb3240000)
  eden space 85760K, 100% used [0x9dcc0000,0xa3080000,0xa3080000)
  from space 11776K, 99% used [0xa3fc0000,0xa4b3c288,0xa4b40000)
  to   space 15616K, 0% used [0xa3080000,0xa3080000,0xa3fc0000)
 ParOldGen       total 30208K, used 17168K [0x73240000, 0x74fc0000, 0x9dcc0000)
  object space 30208K, 56% used [0x73240000,0x743042b8,0x74fc0000)
 PSPermGen       total 16384K, used 4275K [0x6b240000, 0x6c240000, 0x73240000)
  object space 16384K, 26% used [0x6b240000,0x6b66ce40,0x6c240000)

